Des Moines, IA, US
San Antonio, TX, US
Boydton, VA, US
Boydton, VA, US
San Jose, CA, US
San Antonio, TX, US
Phoenix, AZ, US
Des Moines, IA, US
Phoenix, AZ, US
Boydton, VA, US
Boydton, VA, US
Boydton, VA, US
San Jose, CA, US
San Antonio, TX, US
Boydton, VA, US
San Antonio, TX, US
Boydton, VA, US
Washington, VA, US
Boydton, VA, US
Phoenix, AZ, US
San Jose, CA, US
San Jose, CA, US
Washington, VA, US
Phoenix, AZ, US
Washington, VA, US
Washington, VA, US
San Antonio, TX, US
San Antonio, TX, US
Boydton, VA, US
Washington, VA, US
